生成启动时间为 2014/1/7 15:24:52。
     1>项目“D:\C++\ASC\Library\libpng\projects\vs2008\libpng.vcxproj”在节点 2 上(Rebuild 个目标)。
     1>CustomBuild:
         Create dummy include files to prevent "Cannot find missing dependency..." warnings.
         
         Microsoft (R) 程序维护实用工具 11.00.50727.1 版
         版权所有 (C) Microsoft Corporation。保留所有权利。
         
       ClCompile:
         C:\Program Files (x86)\Microsoft Visual Studio 11.0\VC\bin\CL.exe /c /I..\.. /I..\..\..\zlib /Zi /nologo /W3 /WX- /O2 /Ob1 /Oy- /D WIN32 /D NDEBUG /D PNG_BUILD_DLL /D ZLIB_DLL /D _CRT_SECURE_NO_WARNINGS /D _VC80_UPGRADE=0x0710 /D _WINDLL /GF /Gm- /EHsc /MD /GS /Gy /fp:precise /Zc:wchar_t /Zc:forScope /Yc"png.h" /Fp".\Win32_DLL_Release\libpng.pch" /Fo".\Win32_DLL_Release\\" /Fd".\Win32_DLL_Release\vc110.pdb" /Gd /TC /analyze- /errorReport:prompt ..\..\pngerror.c
         pngerror.c
         C:\Program Files (x86)\Microsoft Visual Studio 11.0\VC\bin\CL.exe /c /I..\.. /I..\..\..\zlib /Zi /nologo /W3 /WX- /O2 /Ob1 /Oy- /D WIN32 /D NDEBUG /D PNG_BUILD_DLL /D ZLIB_DLL /D _CRT_SECURE_NO_WARNINGS /D _VC80_UPGRADE=0x0710 /D _WINDLL /GF /Gm- /EHsc /MD /GS /Gy /fp:precise /Zc:wchar_t /Zc:forScope /Fo".\Win32_DLL_Release\\" /Fd".\Win32_DLL_Release\vc110.pdb" /Gd /TC /analyze- /errorReport:prompt ..\..\png.c
         png.c
         C:\Program Files (x86)\Microsoft Visual Studio 11.0\VC\bin\CL.exe /c /I..\.. /I..\..\..\zlib /Zi /nologo /W3 /WX- /O2 /Ob1 /Oy- /D WIN32 /D NDEBUG /D PNG_BUILD_DLL /D ZLIB_DLL /D _CRT_SECURE_NO_WARNINGS /D _VC80_UPGRADE=0x0710 /D _WINDLL /GF /Gm- /EHsc /MD /GS /Gy /fp:precise /Zc:wchar_t /Zc:forScope /Yu"png.h" /Fp".\Win32_DLL_Release\libpng.pch" /Fo".\Win32_DLL_Release\\" /Fd".\Win32_DLL_Release\vc110.pdb" /Gd /TC /analyze- /errorReport:prompt ..\..\pngget.c ..\..\pngmem.c ..\..\pngpread.c ..\..\pngread.c ..\..\pngrio.c ..\..\pngrtran.c ..\..\pngrutil.c ..\..\pngset.c ..\..\pngtrans.c ..\..\pngwio.c ..\..\pngwrite.c ..\..\pngwtran.c ..\..\pngwutil.c
         pngget.c
         pngmem.c
         pngpread.c
         pngread.c
         pngrio.c
         pngrtran.c
         pngrutil.c
         pngset.c
         pngtrans.c
         pngwio.c
         pngwrite.c
         pngwtran.c
         pngwutil.c
         正在生成代码...
       ResourceCompile:
         C:\Program Files (x86)\Windows Kits\8.0\bin\x86\rc.exe /D NDEBUG /D _VC80_UPGRADE=0x0710 /l"0x0409" /I..\.. /I..\..\..\zlib /I.\Win32_DLL_Release\ /nologo /fo".\Win32_DLL_Release\pngwin.res" ..\..\scripts\pngwin.rc 
     1>C:\Program Files (x86)\MSBuild\Microsoft.Cpp\v4.0\V110\Microsoft.CppBuild.targets(1137,5): warning MSB8012: TargetPath(D:\C++\ASC\Library\libpng\projects\vs2008\.\Win32_DLL_Release\libpng.dll) does not match the Linker's OutputFile property value (D:\C++\ASC\bin\release\libpng.dll). This may cause your project to build incorrectly. To correct this, please make sure that $(OutDir), $(TargetName) and $(TargetExt) property values match the value specified in %(Link.OutputFile).
       Link:
         C:\Program Files (x86)\Microsoft Visual Studio 11.0\VC\bin\link.exe /ERRORREPORT:PROMPT /OUT:"../../../../bin/release/libpng.dll" /INCREMENTAL:NO /NOLOGO ../../../zlib/lib/dlib/zlib.lib kernel32.lib user32.lib gdi32.lib winspool.lib comdlg32.lib advapi32.lib shell32.lib ole32.lib oleaut32.lib uuid.lib odbc32.lib odbccp32.lib /DEF:"..\..\scripts\pngwin.def" /MANIFEST /MANIFESTUAC:"level='asInvoker' uiAccess='false'" /manifest:embed /PDB:".\Win32_DLL_Release\libpng.pdb" /TLBID:1 /DYNAMICBASE:NO /IMPLIB:"../../lib/dlib/libpng.lib" /MACHINE:X86 /SAFESEH /DLL .\Win32_DLL_Release\pngwin.res
         .\Win32_DLL_Release\png.obj
         .\Win32_DLL_Release\pngerror.obj
         .\Win32_DLL_Release\pngget.obj
         .\Win32_DLL_Release\pngmem.obj
         .\Win32_DLL_Release\pngpread.obj
         .\Win32_DLL_Release\pngread.obj
         .\Win32_DLL_Release\pngrio.obj
         .\Win32_DLL_Release\pngrtran.obj
         .\Win32_DLL_Release\pngrutil.obj
         .\Win32_DLL_Release\pngset.obj
         .\Win32_DLL_Release\pngtrans.obj
         .\Win32_DLL_Release\pngwio.obj
         .\Win32_DLL_Release\pngwrite.obj
         .\Win32_DLL_Release\pngwtran.obj
         .\Win32_DLL_Release\pngwutil.obj
            正在创建库 ../../lib/dlib/libpng.lib 和对象 ../../lib/dlib/libpng.exp
         libpng.vcxproj -> D:\C++\ASC\Library\libpng\projects\vs2008\.\Win32_DLL_Release\libpng.dll
     1>已完成生成项目“D:\C++\ASC\Library\libpng\projects\vs2008\libpng.vcxproj”(Rebuild 个目标)的操作。

生成成功。

已用时间 00:00:17.94
