D:\C++\ASC\LIBRARY\LIBPNG\PROJECTS\VS2008\WIN32_DLL_RELEASE\LIBPNG.PCH
D:\C++\ASC\LIBRARY\LIBPNG\PROJECTS\VS2008\WIN32_DLL_RELEASE\PNGERROR.OBJ
D:\C++\ASC\LIBRARY\LIBPNG\PROJECTS\VS2008\WIN32_DLL_RELEASE\VC110.PDB
D:\C++\ASC\LIBRARY\LIBPNG\PROJECTS\VS2008\WIN32_DLL_RELEASE\PNG.OBJ
D:\C++\ASC\LIBRARY\LIBPNG\PROJECTS\VS2008\WIN32_DLL_RELEASE\PNGWUTIL.OBJ
D:\C++\ASC\LIBRARY\LIBPNG\PROJECTS\VS2008\WIN32_DLL_RELEASE\PNGWTRAN.OBJ
D:\C++\ASC\LIBRARY\LIBPNG\PROJECTS\VS2008\WIN32_DLL_RELEASE\PNGWRITE.OBJ
D:\C++\ASC\LIBRARY\LIBPNG\PROJECTS\VS2008\WIN32_DLL_RELEASE\PNGWIO.OBJ
D:\C++\ASC\LIBRARY\LIBPNG\PROJECTS\VS2008\WIN32_DLL_RELEASE\PNGTRANS.OBJ
D:\C++\ASC\LIBRARY\LIBPNG\PROJECTS\VS2008\WIN32_DLL_RELEASE\PNGSET.OBJ
D:\C++\ASC\LIBRARY\LIBPNG\PROJECTS\VS2008\WIN32_DLL_RELEASE\PNGRUTIL.OBJ
D:\C++\ASC\LIBRARY\LIBPNG\PROJECTS\VS2008\WIN32_DLL_RELEASE\PNGRTRAN.OBJ
D:\C++\ASC\LIBRARY\LIBPNG\PROJECTS\VS2008\WIN32_DLL_RELEASE\PNGRIO.OBJ
D:\C++\ASC\LIBRARY\LIBPNG\PROJECTS\VS2008\WIN32_DLL_RELEASE\PNGREAD.OBJ
D:\C++\ASC\LIBRARY\LIBPNG\PROJECTS\VS2008\WIN32_DLL_RELEASE\PNGPREAD.OBJ
D:\C++\ASC\LIBRARY\LIBPNG\PROJECTS\VS2008\WIN32_DLL_RELEASE\PNGMEM.OBJ
D:\C++\ASC\LIBRARY\LIBPNG\PROJECTS\VS2008\WIN32_DLL_RELEASE\PNGGET.OBJ
D:\C++\ASC\LIBRARY\LIBPNG\PROJECTS\VS2008\WIN32_DLL_RELEASE\ALLOC.H
D:\C++\ASC\LIBRARY\LIBPNG\PROJECTS\VS2008\WIN32_DLL_RELEASE\FP.H
D:\C++\ASC\LIBRARY\LIBPNG\PROJECTS\VS2008\WIN32_DLL_RELEASE\M68881.H
D:\C++\ASC\LIBRARY\LIBPNG\PROJECTS\VS2008\WIN32_DLL_RELEASE\MEM.H
D:\C++\ASC\LIBRARY\LIBPNG\PROJECTS\VS2008\WIN32_DLL_RELEASE\PNGUSR.H
D:\C++\ASC\LIBRARY\LIBPNG\PROJECTS\VS2008\WIN32_DLL_RELEASE\STRINGS.H
D:\C++\ASC\LIBRARY\LIBPNG\PROJECTS\VS2008\WIN32_DLL_RELEASE\UNISTD.H
D:\C++\ASC\LIBRARY\LIBPNG\PROJECTS\VS2008\WIN32_DLL_RELEASE\UNIXIO.H
D:\C++\ASC\Library\libpng\lib\dlib\libpng.lib
D:\C++\ASC\Library\libpng\lib\dlib\libpng.exp
D:\C++\ASC\BIN\RELEASE\LIBPNG.DLL
D:\C++\ASC\LIBRARY\LIBPNG\PROJECTS\VS2008\WIN32_DLL_RELEASE\PNGWIN.RES
D:\C++\ASC\Library\libpng\projects\vs2008\Win32_DLL_Release\png.obj
D:\C++\ASC\Library\libpng\projects\vs2008\Win32_DLL_Release\pngerror.obj
D:\C++\ASC\Library\libpng\projects\vs2008\Win32_DLL_Release\pngget.obj
D:\C++\ASC\Library\libpng\projects\vs2008\Win32_DLL_Release\pngmem.obj
D:\C++\ASC\Library\libpng\projects\vs2008\Win32_DLL_Release\pngpread.obj
D:\C++\ASC\Library\libpng\projects\vs2008\Win32_DLL_Release\pngread.obj
D:\C++\ASC\Library\libpng\projects\vs2008\Win32_DLL_Release\pngrio.obj
D:\C++\ASC\Library\libpng\projects\vs2008\Win32_DLL_Release\pngrtran.obj
D:\C++\ASC\Library\libpng\projects\vs2008\Win32_DLL_Release\pngrutil.obj
D:\C++\ASC\Library\libpng\projects\vs2008\Win32_DLL_Release\pngset.obj
D:\C++\ASC\Library\libpng\projects\vs2008\Win32_DLL_Release\pngtrans.obj
D:\C++\ASC\Library\libpng\projects\vs2008\Win32_DLL_Release\pngwio.obj
D:\C++\ASC\Library\libpng\projects\vs2008\Win32_DLL_Release\pngwrite.obj
D:\C++\ASC\Library\libpng\projects\vs2008\Win32_DLL_Release\pngwtran.obj
D:\C++\ASC\Library\libpng\projects\vs2008\Win32_DLL_Release\pngwutil.obj
D:\C++\ASC\Library\libpng\projects\vs2008\Win32_DLL_Release\cl.command.1.tlog
D:\C++\ASC\Library\libpng\projects\vs2008\Win32_DLL_Release\CL.read.1.tlog
D:\C++\ASC\Library\libpng\projects\vs2008\Win32_DLL_Release\CL.write.1.tlog
D:\C++\ASC\Library\libpng\projects\vs2008\Win32_DLL_Release\custombuild.command.1.tlog
D:\C++\ASC\Library\libpng\projects\vs2008\Win32_DLL_Release\custombuild.read.1.tlog
D:\C++\ASC\Library\libpng\projects\vs2008\Win32_DLL_Release\custombuild.write.1.tlog
D:\C++\ASC\Library\libpng\projects\vs2008\Win32_DLL_Release\libpng.write.1.tlog
D:\C++\ASC\Library\libpng\projects\vs2008\Win32_DLL_Release\link-cvtres.read.1.tlog
D:\C++\ASC\Library\libpng\projects\vs2008\Win32_DLL_Release\link-cvtres.write.1.tlog
D:\C++\ASC\Library\libpng\projects\vs2008\Win32_DLL_Release\link-rc.read.1.tlog
D:\C++\ASC\Library\libpng\projects\vs2008\Win32_DLL_Release\link-rc.write.1.tlog
D:\C++\ASC\Library\libpng\projects\vs2008\Win32_DLL_Release\link.command.1.tlog
D:\C++\ASC\Library\libpng\projects\vs2008\Win32_DLL_Release\link.read.1.tlog
D:\C++\ASC\Library\libpng\projects\vs2008\Win32_DLL_Release\link.write.1.tlog
D:\C++\ASC\Library\libpng\projects\vs2008\Win32_DLL_Release\rc.command.1.tlog
D:\C++\ASC\Library\libpng\projects\vs2008\Win32_DLL_Release\rc.read.1.tlog
D:\C++\ASC\Library\libpng\projects\vs2008\Win32_DLL_Release\rc.write.1.tlog
D:\C++\ASC\Library\libpng\projects\vs2008\Win32_DLL_Release\libpng.dll.intermediate.manifest
D:\C++\ASC\Library\libpng\projects\vs2008\Win32_DLL_Release\pngwin.res
D:\C++\ASC\Library\libpng\projects\vs2008\Win32_DLL_Release\libpng.pch
D:\C++\ASC\Library\libpng\projects\vs2008\Win32_DLL_Release\vc110.pdb
D:\C++\ASC\Library\libpng\projects\vs2008\.\Win32_DLL_Release\libpng.dll.intermediate.manifest
